Task Name: Mapping2_Mapping2
Agent Group Id: 025000000000002
Agent Group Name: Informatica Cloud Hosted Agent
Agent Id: 00800000000000E
09/02/2021 04:26:25 **** Importing Connection: Conn_01ASGR0B000000000003 ...
09/02/2021 04:26:25 **** Importing Source Definition: Cars ...
09/02/2021 04:26:25 **** Importing Target Definition: Max_Car_Prices ...
09/02/2021 04:26:25 **** Importing Target Definition: Min_Car_Prices ...
09/02/2021 04:26:25 **** Importing SessionConfig: default_session_config ...
    <Warning> :  The Error Log DB Connection value should have Relational: as the prefix.
    <Warning> :  Invalid value  for attribute Error Log DB Connection. Will use the default value 
    Validating Source Definition  Cars...
    Validating Target Definition  Min_Car_Prices...
    Validating Target Definition  Max_Car_Prices...
09/02/2021 04:26:25 **** Importing Mapping: Mapping0 ...
    <Warning> :  transformation: Source_cars - Invalid value  for attribute Output is repeatable. Will use the default value Never    [transformation< Source_cars > ] 
Validating transformations of mapping Mapping0...
Validating mapping variable(s).
09/02/2021 04:26:25 **** Importing Workflow: wf_mtt_01ASGR0Z000000000003 ...
    <Warning> :  The value entered is not a valid integer.
    <Warning> :  Invalid value NO for attribute Fail task after wait time. Will use the default value 
Successfully extracted session instance [s_mtt_01ASGR0Z000000000003].  Starting repository sequence id is [917978167]
DIRECTOR> VAR_27085 [2021-09-02 04:26:25.433] Parameter file [/data2/home/cldagnt/SystemAgent/apps/Data_Integration_Server/data/01ASGR0E0000000000B7/01ASGR/parameters/s_mtt_01ASGR0Z000000000003.param] is opened for [session [wf_mtt_01ASGR0Z000000000003.s_mtt_01ASGR0Z000000000003]].
DIRECTOR> VAR_27062 [2021-09-02 04:26:25.434] Warning! Cannot find section for worklet [wf_mtt_01ASGR0Z000000000003] and folder [] in parameter file [/data2/home/cldagnt/SystemAgent/apps/Data_Integration_Server/data/01ASGR0E0000000000B7/01ASGR/parameters/s_mtt_01ASGR0Z000000000003.param].
DIRECTOR> VAR_27028 [2021-09-02 04:26:25.434] Use override value [s_mtt_01ASGR0Z000000000003_3_error.csv] for user-defined workflow/worklet variable:[$ErrorFileName].
DIRECTOR> VAR_27028 [2021-09-02 04:26:25.434] Use override value [2021-09-02] for user-defined workflow/worklet variable:[$LastRunDate].
DIRECTOR> VAR_27028 [2021-09-02 04:26:25.434] Use override value [2021-09-02 04:02:06] for user-defined workflow/worklet variable:[$LastRunTime].
DIRECTOR> VAR_27028 [2021-09-02 04:26:25.434] Use override value [s_mtt_01ASGR0Z000000000003_9_2_2021_04_26_success.csv] for user-defined workflow/worklet variable:[$SuccessFileName].
DIRECTOR> TM_6014 [2021-09-02 04:26:25.434] Initializing session [s_mtt_01ASGR0Z000000000003] at [Thu Sep 02 04:26:25 2021].
DIRECTOR> TM_6683 [2021-09-02 04:26:25.434] Repository Name: [XMLRepository]
DIRECTOR> TM_6684 [2021-09-02 04:26:25.434] Server Name: [rDTM]
DIRECTOR> TM_6686 [2021-09-02 04:26:25.434] Folder: []
DIRECTOR> TM_6685 [2021-09-02 04:26:25.434] Workflow: [wf_mtt_01ASGR0Z000000000003] Run Instance Name: [] Run Id: [0]
DIRECTOR> TM_6101 [2021-09-02 04:26:25.434] Mapping name: Mapping0.
DIRECTOR> TM_6964 [2021-09-02 04:26:25.434] Date format for the Session is [MM/DD/YYYY HH24:MI:SS.US]
DIRECTOR> TM_6703 [2021-09-02 04:26:25.439] Session [s_mtt_01ASGR0Z000000000003] is run by 64-bit Integration Service  [], version [9.1.0 HotFix1], build [0627].
MANAGER> PETL_24058 [2021-09-02 04:26:25.514] Running Partition Group [1].
MANAGER> PETL_24000 [2021-09-02 04:26:25.514] Parallel Pipeline Engine initializing.
MANAGER> PETL_24001 [2021-09-02 04:26:25.515] Parallel Pipeline Engine running.
MANAGER> PETL_24003 [2021-09-02 04:26:25.515] Initializing session run.
MAPPING> CMN_1569 [2021-09-02 04:26:25.518] Server Mode: [UNICODE]
MAPPING> CMN_1570 [2021-09-02 04:26:25.518] Server Code page: [ISO 8859-1 Western European]
MAPPING> TM_6151 [2021-09-02 04:26:25.518] The session sort order is [Binary].
MAPPING> TM_6185 [2021-09-02 04:26:25.518] Warning. Code page validation is disabled in this session.
MAPPING> CMN_65083 [2021-09-02 04:26:25.518] Current Timezone:[UTC +0:0]
MAPPING> CMN_65085 [2021-09-02 04:26:25.518] Current Process ID:[20582]
MAPPING> TM_6155 [2021-09-02 04:26:25.518] Using HIGH precision processing.
MAPPING> TM_6180 [2021-09-02 04:26:25.518] Deadlock retry logic will not be implemented.
MAPPING> TM_6187 [2021-09-02 04:26:25.518] Session target-based commit interval is [10000].
MAPPING> TM_6307 [2021-09-02 04:26:25.519] DTM error log disabled. 
MAPPING> TE_7022 [2021-09-02 04:26:25.519] TShmWriter: Initialized
MAPPING> TM_6007 [2021-09-02 04:26:25.521] DTM initialized successfully for session [s_mtt_01ASGR0Z000000000003]
DIRECTOR> PETL_24033 [2021-09-02 04:26:25.573] All DTM Connection Info: [<NONE>].
MANAGER> PETL_24004 [2021-09-02 04:26:25.573] Starting pre-session tasks. : (Thu Sep 02 04:26:25 2021)
MANAGER> PETL_24027 [2021-09-02 04:26:25.575] Pre-session task completed successfully. : (Thu Sep 02 04:26:25 2021)
DIRECTOR> PETL_24006 [2021-09-02 04:26:25.575] Starting data movement.
MAPPING> TM_6660 [2021-09-02 04:26:25.576] Total Buffer Pool size is 2795040 bytes and Block size is 97680 bytes.
MAPPING> TM_6781 [2021-09-02 04:26:26.887] Starting Pre SQL for target [Max_Car_Prices]. : (Thu Sep 02 04:26:26 2021)
MAPPING> TM_6273 [2021-09-02 04:26:26.887] Executing pre-session SQL for target: Delete from Max_Car_Prices

MAPPING> TM_6785 [2021-09-02 04:26:27.042] Completed Pre SQL for target [Max_Car_Prices] successfully. : (Thu Sep 02 04:26:27 2021)
MAPPING> TM_6781 [2021-09-02 04:26:28.522] Starting Pre SQL for target [Min_Car_Prices]. : (Thu Sep 02 04:26:28 2021)
MAPPING> TM_6273 [2021-09-02 04:26:28.522] Executing pre-session SQL for target: Delete from Min_Car_Prices;

MAPPING> TM_6785 [2021-09-02 04:26:28.670] Completed Pre SQL for target [Min_Car_Prices] successfully. : (Thu Sep 02 04:26:28 2021)
READER_1_1_1> DBG_21438 [2021-09-02 04:26:28.820] Reader: Source is [odbc://dbtype=MySQL;host=remotemysql.com;port=3306;database=dmwbhqR9sR], user [dmwbhqR9sR]
READER_1_1_1> BLKR_16051 [2021-09-02 04:26:28.821] Source database connection [Conn_01ASGR0B000000000003] code page: [MS Windows Latin 1 (ANSI), superset of Latin1]
READER_1_1_1> CMN_1021 [2021-09-02 04:26:28.821] Database driver event...
CMN_1021 [Driver Manager used is [UnixODBC 2.3.4].]

READER_1_1_1> CMN_1021 [2021-09-02 04:26:30.173] Database driver event...
CMN_1021 [ODBC Event Using array fetches.
ODBC Event Using Single Row Inserts. connect string = [Driver=MySQL ODBC 8.0 Unicode Driver;Server=remotemysql.com;Database=dmwbhqR9sR;Port=3306;USER=dmwbhqR9sR;NO_SSPS=1;stmt=set time_zone = '+00:00';OPTION=3;SSLMODE=DISABLED]. userid = [dmwbhqR9sR]
DBMS Name:	MySQL
DBMS Version:	8.0.13-4
Driver Name:	libmyodbc8w.so
Driver Version:	08.00.0012
MySQL rewrite batch optimization is disabled with maximum bind parameter size set to 2500.]

READER_1_1_1> BLKR_16003 [2021-09-02 04:26:30.174] Initialization completed successfully.
WRITER_1_*_1> WRT_8147 [2021-09-02 04:26:30.175] Writer: Target is database [odbc://dbtype=MySQL;host=remotemysql.com;port=3306;database=dmwbhqR9sR], user [dmwbhqR9sR], bulk mode [OFF]
WRITER_1_*_1> CMN_1021 [2021-09-02 04:26:30.176] Database driver event...
CMN_1021 [Driver Manager used is [UnixODBC 2.3.4].]

WRITER_1_*_1> CMN_1021 [2021-09-02 04:26:31.526] Database driver event...
CMN_1021 [ODBC Event Using array fetches.
ODBC Event Using Single Row Inserts. connect string = [Driver=MySQL ODBC 8.0 Unicode Driver;Server=remotemysql.com;Database=dmwbhqR9sR;Port=3306;USER=dmwbhqR9sR;NO_SSPS=1;stmt=set time_zone = '+00:00';OPTION=3;SSLMODE=DISABLED]. userid = [dmwbhqR9sR]
DBMS Name:	MySQL
DBMS Version:	8.0.13-4
Driver Name:	libmyodbc8w.so
Driver Version:	08.00.0012
MySQL rewrite batch optimization is disabled with maximum bind parameter size set to 2500.]

WRITER_1_*_1> WRT_8221 [2021-09-02 04:26:31.825] Target database connection [Conn_01ASGR0B000000000003] code page: [MS Windows Latin 1 (ANSI), superset of Latin1]
WRITER_1_*_1> WRT_8124 [2021-09-02 04:26:31.827] Target Table Max_Car_Prices :SQL INSERT statement:
INSERT INTO dmwbhqR9sR.Max_Car_Prices(Product_ID,Product_Name,Product_Price)  VALUES ( ?, ?, ?) 
WRITER_1_*_1> WRT_8124 [2021-09-02 04:26:31.827] Target Table Max_Car_Prices :SQL UPDATE statement:
UPDATE dmwbhqR9sR.Max_Car_Prices SET Product_Name = ?, Product_Price = ? WHERE Product_ID = ?
WRITER_1_*_1> WRT_8124 [2021-09-02 04:26:31.827] Target Table Max_Car_Prices :SQL DELETE statement:
DELETE FROM dmwbhqR9sR.Max_Car_Prices WHERE Product_ID = ?
WRITER_1_*_1> WRT_8147 [2021-09-02 04:26:31.827] Writer: Target is database [odbc://dbtype=MySQL;host=remotemysql.com;port=3306;database=dmwbhqR9sR], user [dmwbhqR9sR], bulk mode [OFF]
WRITER_1_*_1> WRT_8124 [2021-09-02 04:26:31.828] Target Table Min_Car_Prices :SQL INSERT statement:
INSERT INTO dmwbhqR9sR.Min_Car_Prices(Product_ID,Product_Name,Product_Price)  VALUES ( ?, ?, ?) 
WRITER_1_*_1> WRT_8124 [2021-09-02 04:26:31.828] Target Table Min_Car_Prices :SQL UPDATE statement:
UPDATE dmwbhqR9sR.Min_Car_Prices SET Product_Name = ?, Product_Price = ? WHERE Product_ID = ?
WRITER_1_*_1> WRT_8124 [2021-09-02 04:26:31.828] Target Table Min_Car_Prices :SQL DELETE statement:
DELETE FROM dmwbhqR9sR.Min_Car_Prices WHERE Product_ID = ?
WRITER_1_*_1> WRT_8270 [2021-09-02 04:26:31.828] Target connection group #1 consists of target(s) [Max_Car_Prices, Min_Car_Prices]
WRITER_1_*_1> WRT_8003 [2021-09-02 04:26:31.828] Writer initialization complete.
READER_1_1_1> BLKR_16007 [2021-09-02 04:26:31.828] Reader run started.
WRITER_1_*_1> WRT_8005 [2021-09-02 04:26:31.828] Writer run started.
WRITER_1_*_1> WRT_8158 [2021-09-02 04:26:31.829] 

*****START LOAD SESSION*****

Load Start Time: Thu Sep 02 04:26:31 2021

Target tables:

     Max_Car_Prices
     Min_Car_Prices


READER_1_1_1> RR_4010 [2021-09-02 04:26:31.829] SQ instance [Source_cars] SQL Query [SELECT dmwbhqR9sR.Cars.Product_ID, dmwbhqR9sR.Cars.Product_Name, dmwbhqR9sR.Cars.Product_Price FROM dmwbhqR9sR.Cars]
READER_1_1_1> RR_4049 [2021-09-02 04:26:31.829] SQL Query issued to database : (Thu Sep 02 04:26:31 2021)
READER_1_1_1> RR_4050 [2021-09-02 04:26:31.981] First row returned from database to reader : (Thu Sep 02 04:26:31 2021)
READER_1_1_1> BLKR_16019 [2021-09-02 04:26:31.981] Read [100] rows, read [0] error rows for source table [Cars] instance name [Cars]
READER_1_1_1> BLKR_16008 [2021-09-02 04:26:31.981] Reader run completed.
TRANSF_1_1_1> DBG_21216 [2021-09-02 04:26:31.981] Finished transformations for Source Qualifier [Source_cars]. Total errors [0] 
WRITER_1_*_1> WRT_8167 [2021-09-02 04:26:31.981] Start loading table [Max_Car_Prices] at: Thu Sep 02 04:26:31 2021
WRITER_1_*_1> WRT_8167 [2021-09-02 04:26:34.077] Start loading table [Min_Car_Prices] at: Thu Sep 02 04:26:33 2021
WRITER_1_*_1> WRT_8168 [2021-09-02 04:26:46.998] End loading table [Max_Car_Prices] at: Thu Sep 02 04:26:46 2021
WRITER_1_*_1> WRT_8141 [2021-09-02 04:26:47.149] 
Commit on end-of-data  Thu Sep 02 04:26:46 2021
===================================================

WRT_8036 Target: Max_Car_Prices (Instance Name: [Max_Car_Prices])
WRT_8038 Inserted rows - Requested: 14         Applied: 14         Rejected: 0          Affected: 14        

WRT_8036 Target: Min_Car_Prices (Instance Name: [Min_Car_Prices])
WRT_8038 Inserted rows - Requested: 86         Applied: 86         Rejected: 0          Affected: 86        

WRITER_1_*_1> WRT_8168 [2021-09-02 04:26:47.149] End loading table [Min_Car_Prices] at: Thu Sep 02 04:26:46 2021
WRITER_1_*_1> WRT_8035 [2021-09-02 04:26:47.150] Load complete time: Thu Sep 02 04:26:46 2021

LOAD SUMMARY
============

WRT_8036 Target: Max_Car_Prices (Instance Name: [Max_Car_Prices])
WRT_8038 Inserted rows - Requested: 14         Applied: 14         Rejected: 0          Affected: 14        

WRT_8036 Target: Min_Car_Prices (Instance Name: [Min_Car_Prices])
WRT_8038 Inserted rows - Requested: 86         Applied: 86         Rejected: 0          Affected: 86        


WRITER_1_*_1> WRT_8043 [2021-09-02 04:26:47.150] *****END LOAD SESSION*****
WRITER_1_*_1> WRT_8006 [2021-09-02 04:26:47.305] Writer run completed.
MANAGER> PETL_24031 [2021-09-02 04:26:47.306] 
***** RUN INFO FOR TGT LOAD ORDER GROUP [1], CONCURRENT SET [1] *****
Thread [READER_1_1_1] created for [the read stage] of partition point [Source_cars] has completed. The total run time was insufficient for any meaningful statistics.
Thread [TRANSF_1_1_1] created for [the transformation stage] of partition point [Source_cars] has completed. The total run time was insufficient for any meaningful statistics.
Thread [WRITER_1_*_1] created for [the write stage] of partition point [Max_Car_Prices, Min_Car_Prices] has completed.
	Total Run Time = [15.323788] secs
	Total Idle Time = [0.000000] secs
	Busy Percentage = [100.000000]

MANAGER> PETL_24005 [2021-09-02 04:26:47.307] Starting post-session tasks. : (Thu Sep 02 04:26:47 2021)
MANAGER> PETL_24029 [2021-09-02 04:26:47.307] Post-session task completed successfully. : (Thu Sep 02 04:26:47 2021)
MAPPING> TM_6018 [2021-09-02 04:26:47.308] The session completed with [0] row transformation errors. 
MANAGER> PETL_24002 [2021-09-02 04:26:47.553] Parallel Pipeline Engine finished.
DIRECTOR> PETL_24012 [2021-09-02 04:26:47.553] Session run completed successfully.
DIRECTOR> TM_6022 [2021-09-02 04:26:47.553] 

SESSION LOAD SUMMARY
================================================

DIRECTOR> TM_6252 [2021-09-02 04:26:47.553] Source Load Summary.
DIRECTOR> CMN_1740 [2021-09-02 04:26:47.553] Table: [Source_cars] (Instance Name: [Source_cars])
	 Output Rows [100], Affected Rows [100], Applied Rows [100], Rejected Rows [0]
DIRECTOR> TM_6253 [2021-09-02 04:26:47.553] Target Load Summary.
DIRECTOR> CMN_1740 [2021-09-02 04:26:47.553] Table: [Max_Car_Prices] (Instance Name: [Max_Car_Prices])
	 Output Rows [14], Affected Rows [14], Applied Rows [14], Rejected Rows [0]
DIRECTOR> CMN_1740 [2021-09-02 04:26:47.553] Table: [Min_Car_Prices] (Instance Name: [Min_Car_Prices])
	 Output Rows [86], Affected Rows [86], Applied Rows [86], Rejected Rows [0]
DIRECTOR> TM_6023 [2021-09-02 04:26:47.553] 
===================================================

DIRECTOR> TM_6020 [2021-09-02 04:26:47.553] Session [s_mtt_01ASGR0Z000000000003] completed at [Thu Sep 02 04:26:47 2021].
